error: Error in creating a task: Cannot access 'task' before initialization {"timestamp":"2023-10-26T11:50:32.622Z"}
error: Error in creating a task: Cannot access 'task' before initialization {"timestamp":"2023-10-26T11:59:27.712Z"}
error: Error in creating a task: title is not defined {"timestamp":"2023-10-26T12:01:29.979Z"}
info: Task created by ma@gmail.com: Hearing twice {"timestamp":"2023-10-26T12:06:24.642Z"}
info: Task created by ma@gmail.com: send a message {"timestamp":"2023-10-26T12:11:21.466Z"}
info: Task completed by undefined: send a message {"timestamp":"2023-10-26T12:14:57.856Z"}
info: Task created by ma@gmail.com: task {"timestamp":"2023-10-26T12:19:04.178Z"}
info: Task completed by 653a4f922c3d8b345ca4066a: task {"timestamp":"2023-10-26T12:24:42.738Z"}
info: Task edited by undefined: task {"timestamp":"2023-10-26T12:25:40.043Z"}
info: Task completed by 653a4f922c3d8b345ca4066a: task {"timestamp":"2023-10-26T12:28:37.024Z"}
info: Task deleted by 653a4f922c3d8b345ca4066a: task {"timestamp":"2023-10-26T12:29:12.246Z"}
info: Task deleted by 653a4f922c3d8b345ca4066a: send a message {"timestamp":"2023-10-26T12:33:52.611Z"}
info: Task created by mabilawon@gmail.com: Brothers meeting {"timestamp":"2023-10-28T05:46:01.379Z"}
info: Task created by mabilawon@gmail.com: Test Task {"timestamp":"2023-10-28T05:53:32.849Z"}
info: Task created by mabilawon@gmail.com: Test Task {"timestamp":"2023-10-28T06:36:36.907Z"}
info: Task created by mabilawon@gmail.com: Test Task {"timestamp":"2023-10-28T06:40:19.107Z"}
error: Error in creating a task: Operation `tasks.insertOne()` buffering timed out after 10000ms {"timestamp":"2023-10-28T06:42:30.302Z"}
info: Task created by mabilawon@gmail.com: Test Task {"timestamp":"2023-10-28T06:47:48.933Z"}
info: Task created by mabilawon@gmail.com: Test Task {"timestamp":"2023-10-28T07:00:57.133Z"}
info: Task created by mabilawon@gmail.com: Test Task {"timestamp":"2023-10-28T07:03:40.871Z"}
error: Error in creating a task: Operation `tasks.insertOne()` buffering timed out after 10000ms {"timestamp":"2023-10-28T07:08:11.992Z"}
info: Task created by mabilawon@gmail.com: Test Task {"timestamp":"2023-10-28T07:27:01.551Z"}
info: Task created by mabilawon@gmail.com: Test Task {"timestamp":"2023-10-28T07:28:40.304Z"}
info: Task created by mabilawon@gmail.com: Test Task {"timestamp":"2023-10-28T07:39:49.157Z"}
info: Task created by test1@test.com: Test Task {"timestamp":"2023-10-29T00:37:54.693Z"}
info: Task created by test1@test.com: Test Task {"timestamp":"2023-10-29T00:44:14.663Z"}
info: Task created by mabilawon@gmail.com: Bible reading {"timestamp":"2023-10-29T20:16:30.887Z"}
info: Task created by mabilawon@gmail.com: Submission {"timestamp":"2023-10-29T20:30:06.092Z"}
info: Task created by mabilawon@gmail.com: Bible reading {"timestamp":"2023-10-29T20:46:28.605Z"}
info: Task created by mabilawon@gmail.com: Pray {"timestamp":"2023-10-29T20:52:28.643Z"}
info: Task created by mabilawon@gmail.com: Pray {"timestamp":"2023-10-29T20:56:17.810Z"}
info: Task created by mabilawon@gmail.com: Pray {"timestamp":"2023-10-29T20:57:50.046Z"}
info: Task created by mabilawon@gmail.com: Pray {"timestamp":"2023-10-29T21:06:56.226Z"}
info: Task created by mabilawon@gmail.com: Pray {"timestamp":"2023-10-29T21:15:21.655Z"}
